<?xml version="1.0" encoding="UTF-8"?>
<!-- Generated by org.testng.reporters.JUnitXMLReporter -->
<testsuite ignored="0" hostname="DESKTOP-Q4RLJUB" failures="1" tests="1" name="Test" time="17.315" errors="0" timestamp="2023-09-24T16:51:14 IST">
  <testcase classname="com.Trello.TestCase.EndToEndTrello" name="endToEndTrello" time="6.926">
    <failure type="java.lang.AssertionError" message="expected [Log in to Trello] but found [Log in to continue - Log in with Atlassian account]">
      <![CDATA[java.lang.AssertionError: expected [Log in to Trello] but found [Log in to continue - Log in with Atlassian account]
at com.Trello.TestCase.EndToEndTrello.endToEndTrello(EndToEndTrello.java:26)
at java.base/java.util.ArrayList.forEach(ArrayList.java:1511)
... Removed 31 stack frames]]>
    </failure>
  </testcase> <!-- endToEndTrello -->
</testsuite> <!-- Test -->
