<?xml version="1.0" encoding="UTF-8"?>
<testng-results ignored="0" total="1" passed="1" failed="0" skipped="0">
  <reporter-output>
  </reporter-output>
  <suite started-at="2023-10-10T12:47:51 IST" name="Default suite" finished-at="2023-10-10T12:48:49 IST" duration-ms="57845">
    <groups>
    </groups>
    <test started-at="2023-10-10T12:47:51 IST" name="Default test" finished-at="2023-10-10T12:48:49 IST" duration-ms="57845">
      <class name="com.Trello.TestCase.EndToEndTrello">
        <test-method is-config="true" signature="setUp()[pri:0, instance:com.Trello.TestCase.EndToEndTrello@5fe94a96]" started-at="2023-10-10T12:47:51 IST" name="setUp" finished-at="2023-10-10T12:47:55 IST" duration-ms="3890" status="PASS">
          <reporter-output>
          </reporter-output>
        </test-method> <!-- setUp -->
        <test-method signature="endToEndTrello()[pri:0, instance:com.Trello.TestCase.EndToEndTrello@5fe94a96]" started-at="2023-10-10T12:47:55 IST" name="endToEndTrello" finished-at="2023-10-10T12:48:47 IST" duration-ms="51890" status="PASS">
          <reporter-output>
          </reporter-output>
        </test-method> <!-- endToEndTrello -->
        <test-method is-config="true" signature="tearDown()[pri:0, instance:com.Trello.TestCase.EndToEndTrello@5fe94a96]" started-at="2023-10-10T12:48:47 IST" name="tearDown" finished-at="2023-10-10T12:48:49 IST" duration-ms="2006" status="PASS">
          <reporter-output>
          </reporter-output>
        </test-method> <!-- tearDown -->
      </class> <!-- com.Trello.TestCase.EndToEndTrello -->
    </test> <!-- Default test -->
  </suite> <!-- Default suite -->
</testng-results>
