<?xml version="1.0" encoding="UTF-8"?>
<testng-results ignored="0" total="1" passed="1" failed="0" skipped="0">
  <reporter-output>
  </reporter-output>
  <suite started-at="2023-09-11T09:26:35 IST" name="Default suite" finished-at="2023-09-11T09:27:32 IST" duration-ms="56509">
    <groups>
    </groups>
    <test started-at="2023-09-11T09:26:35 IST" name="Default test" finished-at="2023-09-11T09:27:32 IST" duration-ms="56509">
      <class name="com.Trello.TestCase.EndToEndTrello">
        <test-method is-config="true" signature="setUp()[pri:0, instance:com.Trello.TestCase.EndToEndTrello@5fe94a96]" started-at="2023-09-11T09:26:35 IST" name="setUp" finished-at="2023-09-11T09:26:40 IST" duration-ms="4454" status="PASS">
          <reporter-output>
          </reporter-output>
        </test-method> <!-- setUp -->
        <test-method signature="endToEndTrello()[pri:0, instance:com.Trello.TestCase.EndToEndTrello@5fe94a96]" started-at="2023-09-11T09:26:40 IST" name="endToEndTrello" finished-at="2023-09-11T09:27:28 IST" duration-ms="48480" status="PASS">
          <reporter-output>
          </reporter-output>
        </test-method> <!-- endToEndTrello -->
        <test-method is-config="true" signature="tearDown()[pri:0, instance:com.Trello.TestCase.EndToEndTrello@5fe94a96]" started-at="2023-09-11T09:27:28 IST" name="tearDown" finished-at="2023-09-11T09:27:32 IST" duration-ms="3517" status="PASS">
          <reporter-output>
          </reporter-output>
        </test-method> <!-- tearDown -->
      </class> <!-- com.Trello.TestCase.EndToEndTrello -->
    </test> <!-- Default test -->
  </suite> <!-- Default suite -->
</testng-results>
